#
# There is insufficient memory for the Java Runtime Environment to continue.
# Native memory allocation (malloc) failed to allocate 32744 bytes for ChunkPool::allocate
# Possible reasons:
#   The system is out of physical RAM or swap space
#   The process is running with CompressedOops enabled, and the Java Heap may be blocking the growth of the native heap
# Possible solutions:
#   Reduce memory load on the system
#   Increase physical memory or swap space
#   Check if swap backing store is full
#   Decrease Java heap size (-Xmx/-Xms)
#   Decrease number of Java threads
#   Decrease Java thread stack sizes (-Xss)
#   Set larger code cache with -XX:ReservedCodeCacheSize=
#   JVM is running with Unscaled Compressed Oops mode in which the Java heap is
#     placed in the first 4GB address space. The Java Heap base address is the
#     maximum limit for the native heap growth. Please use -XX:HeapBaseMinAddress
#     to set the Java Heap base and to place the Java Heap above 4GB virtual address.
# This output file may be truncated or incomplete.
#
#  Out of Memory Error (arena.cpp:79), pid=21116, tid=1128
#
# JRE version: OpenJDK Runtime Environment Temurin-17.0.10+7 (17.0.10+7) (build 17.0.10+7)
# Java VM: OpenJDK 64-Bit Server VM Temurin-17.0.10+7 (17.0.10+7, mixed mode, emulated-client, tiered, compressed oops, compressed class ptrs, g1 gc, windows-amd64)
# No core dump will be written. Minidumps are not enabled by default on client versions of Windows
#

---------------  S U M M A R Y ------------

Command Line: -XX:+HeapDumpOnOutOfMemoryError -Xmx1024m -Dsts.lsp.client=vscode -Dsts.log.file=/dev/null -XX:TieredStopAtLevel=1 -Xlog:jni+resolve=off -Dspring.config.location=file:c:\Users\ASUS\.vscode\extensions\vmware.vscode-spring-boot-1.52.0\language-server\BOOT-INF\classes\application.properties org.springframework.ide.vscode.boot.app.BootLanguageServerBootApp

Host: Intel(R) Celeron(R) N4000 CPU @ 1.10GHz, 2 cores, 3G,  Windows 11 , 64 bit Build 22621 (10.0.22621.3085)
Time: Fri Feb  9 23:11:43 2024 SE Asia Standard Time elapsed time: 6.572829 seconds (0d 0h 0m 6s)

---------------  T H R E A D  ---------------

Current thread (0x000001ffb1232b50):  JavaThread "C1 CompilerThread0" daemon [_thread_in_vm, id=1128, stack(0x000000fe6f900000,0x000000fe6fa00000)]


Current CompileTask:
C1:   6572  660       1       java.net.URLStreamHandler::parseURL (1201 bytes)

Stack: [0x000000fe6f900000,0x000000fe6fa00000]
Native frames: (J=compiled Java code, j=interpreted, Vv=VM code, C=native code)
V  [jvm.dll+0x67d2c9]
V  [jvm.dll+0x834afa]
V  [jvm.dll+0x8365be]
V  [jvm.dll+0x836c23]
V  [jvm.dll+0x2477ff]
V  [jvm.dll+0xac711]
V  [jvm.dll+0xacb5c]
V  [jvm.dll+0x1d625d]
V  [jvm.dll+0x1d6a33]
V  [jvm.dll+0x1c53ef]
V  [jvm.dll+0x1c5000]
V  [jvm.dll+0x1d9e11]
V  [jvm.dll+0x13effb]
V  [jvm.dll+0x141ed5]
V  [jvm.dll+0x1401b4]
V  [jvm.dll+0x13a0ff]
V  [jvm.dll+0x149d46]
V  [jvm.dll+0x135890]
V  [jvm.dll+0x135bf0]
V  [jvm.dll+0x135eb6]
V  [jvm.dll+0x13534a]
V  [jvm.dll+0x137001]
V  [jvm.dll+0x2290de]
V  [jvm.dll+0x2272ac]
V  [jvm.dll+0x7e9bb7]
V  [jvm.dll+0x7e3fba]
V  [jvm.dll+0x67c1b5]
C  [ucrtbase.dll+0x29363]
C  [KERNEL32.DLL+0x1257d]
C  [ntdll.dll+0x5aa58]


---------------  P R O C E S S  ---------------

Threads class SMR info:
_java_thread_list=0x000001ffb11e80c0, length=11, elements={
0x000001ffa70c7f80, 0x000001ffb11ea390, 0x000001ffb11eb210, 0x000001ffb122d130,
0x000001ffb122dec0, 0x000001ffb122f9a0, 0x000001ffb1232280, 0x000001ffb1232b50,
0x000001ffb12567a0, 0x000001ffb152ed60, 0x000001ffb152fe30
}

Java Threads: ( => current thread )
  0x000001ffa70c7f80 JavaThread "main" [_thread_in_native, id=20992, stack(0x000000fe6ec00000,0x000000fe6ed00000)]
  0x000001ffb11ea390 JavaThread "Reference Handler" daemon [_thread_blocked, id=15352, stack(0x000000fe6f300000,0x000000fe6f400000)]
  0x000001ffb11eb210 JavaThread "Finalizer" daemon [_thread_blocked, id=18196, stack(0x000000fe6f400000,0x000000fe6f500000)]
  0x000001ffb122d130 JavaThread "Signal Dispatcher" daemon [_thread_blocked, id=14472, stack(0x000000fe6f500000,0x000000fe6f600000)]
  0x000001ffb122dec0 JavaThread "Attach Listener" daemon [_thread_blocked, id=20692, stack(0x000000fe6f600000,0x000000fe6f700000)]
  0x000001ffb122f9a0 JavaThread "Service Thread" daemon [_thread_blocked, id=16532, stack(0x000000fe6f700000,0x000000fe6f800000)]
  0x000001ffb1232280 JavaThread "Monitor Deflation Thread" daemon [_thread_blocked, id=336, stack(0x000000fe6f800000,0x000000fe6f900000)]
=>0x000001ffb1232b50 JavaThread "C1 CompilerThread0" daemon [_thread_in_vm, id=1128, stack(0x000000fe6f900000,0x000000fe6fa00000)]
  0x000001ffb12567a0 JavaThread "Sweeper thread" daemon [_thread_blocked, id=7260, stack(0x000000fe6fa00000,0x000000fe6fb00000)]
  0x000001ffb152ed60 JavaThread "Notification Thread" daemon [_thread_blocked, id=12432, stack(0x000000fe6fb00000,0x000000fe6fc00000)]
  0x000001ffb152fe30 JavaThread "Common-Cleaner" daemon [_thread_blocked, id=11804, stack(0x000000fe6fd00000,0x000000fe6fe00000)]

Other Threads:
  0x000001ffb11986e0 VMThread "VM Thread" [stack: 0x000000fe6f200000,0x000000fe6f300000] [id=18984]
  0x000001ffb152f240 WatcherThread [stack: 0x000000fe6fc00000,0x000000fe6fd00000] [id=18864]
  0x000001ffa7105550 GCTaskThread "GC Thread#0" [stack: 0x000000fe6ed00000,0x000000fe6ee00000] [id=14544]
  0x000001ffb175da30 GCTaskThread "GC Thread#1" [stack: 0x000000fe6fe00000,0x000000fe6ff00000] [id=2452]
  0x000001ffa710e4a0 ConcurrentGCThread "G1 Main Marker" [stack: 0x000000fe6ee00000,0x000000fe6ef00000] [id=15364]
  0x000001ffa710eec0 ConcurrentGCThread "G1 Conc#0" [stack: 0x000000fe6ef00000,0x000000fe6f000000] [id=14716]
  0x000001ffa7144390 ConcurrentGCThread "G1 Refine#0" [stack: 0x000000fe6f000000,0x000000fe6f100000] [id=21136]
  0x000001ffa7144dc0 ConcurrentGCThread "G1 Service" [stack: 0x000000fe6f100000,0x000000fe6f200000] [id=13064]

Threads with active compile tasks:
C1 CompilerThread0     6660  660       1       java.net.URLStreamHandler::parseURL (1201 bytes)

VM state: not at safepoint (normal execution)

VM Mutex/Monitor currently owned by a thread: None

Heap address: 0x00000000c0000000, size: 1024 MB, Compressed Oops mode: 32-bit

CDS archive(s) not mapped
Compressed class space mapped at: 0x0000000100000000-0x0000000140000000, reserved size: 1073741824
Narrow klass base: 0x0000000000000000, Narrow klass shift: 3, Narrow klass range: 0x140000000

GC Precious Log:
 CPUs: 2 total, 2 available
 Memory: 3918M
 Large Page Support: Disabled
 NUMA Support: Disabled
 Compressed Oops: Enabled (32-bit)
 Heap Region Size: 1M
 Heap Min Capacity: 8M
 Heap Initial Capacity: 62M
 Heap Max Capacity: 1G
 Pre-touch: Disabled
 Parallel Workers: 2
 Concurrent Workers: 1
 Concurrent Refinement Workers: 2
 Periodic GC: Disabled

Heap:
 garbage-first heap   total 63488K, used 17178K [0x00000000c0000000, 0x0000000100000000)
  region size 1024K, 4 young (4096K), 1 survivors (1024K)
 Metaspace       used 7004K, committed 7168K, reserved 1114112K
  class space    used 724K, committed 832K, reserved 1048576K

Heap Regions: E=young(eden), S=young(survivor), O=old, HS=humongous(starts), HC=humongous(continues), CS=collection set, F=free, OA=open archive, CA=closed archive, TAMS=top-at-mark-start (previous, next)
|   0|0x00000000c0000000, 0x00000000c0100000, 0x00000000c0100000|100%|HS|  |TAMS 0x00000000c0000000, 0x00000000c0000000| Complete 
|   1|0x00000000c0100000, 0x00000000c0200000, 0x00000000c0200000|100%|HC|  |TAMS 0x00000000c0100000, 0x00000000c0100000| Complete 
|   2|0x00000000c0200000, 0x00000000c0300000, 0x00000000c0300000|100%|HC|  |TAMS 0x00000000c0200000, 0x00000000c0200000| Complete 
|   3|0x00000000c0300000, 0x00000000c0400000, 0x00000000c0400000|100%|HC|  |TAMS 0x00000000c0300000, 0x00000000c0300000| Complete 
|   4|0x00000000c0400000, 0x00000000c0500000, 0x00000000c0500000|100%| O|  |TAMS 0x00000000c0400000, 0x00000000c0400000| Untracked 
|   5|0x00000000c0500000, 0x00000000c0600000, 0x00000000c0600000|100%| O|  |TAMS 0x00000000c0500000, 0x00000000c0500000| Untracked 
|   6|0x00000000c0600000, 0x00000000c0700000, 0x00000000c0700000|100%| O|  |TAMS 0x00000000c0600000, 0x00000000c0600000| Untracked 
|   7|0x00000000c0700000, 0x00000000c0800000, 0x00000000c0800000|100%| O|  |TAMS 0x00000000c0700000, 0x00000000c0700000| Untracked 
|   8|0x00000000c0800000, 0x00000000c0900000, 0x00000000c0900000|100%| O|  |TAMS 0x00000000c0800000, 0x00000000c0800000| Untracked 
|   9|0x00000000c0900000, 0x00000000c0a00000, 0x00000000c0a00000|100%|HS|  |TAMS 0x00000000c0900000, 0x00000000c0900000| Complete 
|  10|0x00000000c0a00000, 0x00000000c0b00000, 0x00000000c0b00000|100%|HC|  |TAMS 0x00000000c0a00000, 0x00000000c0a00000| Complete 
|  11|0x00000000c0b00000, 0x00000000c0c00000, 0x00000000c0c00000|100%| O|  |TAMS 0x00000000c0b00000, 0x00000000c0b00000| Untracked 
|  12|0x00000000c0c00000, 0x00000000c0d00000, 0x00000000c0d00000|100%| O|  |TAMS 0x00000000c0c00000, 0x00000000c0c00000| Untracked 
|  13|0x00000000c0d00000, 0x00000000c0dc6800, 0x00000000c0e00000| 77%| O|  |TAMS 0x00000000c0d00000, 0x00000000c0d00000| Untracked 
|  14|0x00000000c0e00000, 0x00000000c0e00000, 0x00000000c0f00000|  0%| F|  |TAMS 0x00000000c0e00000, 0x00000000c0e00000| Untracked 
|  15|0x00000000c0f00000, 0x00000000c0f00000, 0x00000000c1000000|  0%| F|  |TAMS 0x00000000c0f00000, 0x00000000c0f00000| Untracked 
|  16|0x00000000c1000000, 0x00000000c1000000, 0x00000000c1100000|  0%| F|  |TAMS 0x00000000c1000000, 0x00000000c1000000| Untracked 
|  17|0x00000000c1100000, 0x00000000c1100000, 0x00000000c1200000|  0%| F|  |TAMS 0x00000000c1100000, 0x00000000c1100000| Untracked 
|  18|0x00000000c1200000, 0x00000000c1200000, 0x00000000c1300000|  0%| F|  |TAMS 0x00000000c1200000, 0x00000000c1200000| Untracked 
|  19|0x00000000c1300000, 0x00000000c1300000, 0x00000000c1400000|  0%| F|  |TAMS 0x00000000c1300000, 0x00000000c1300000| Untracked 
|  20|0x00000000c1400000, 0x00000000c1400000, 0x00000000c1500000|  0%| F|  |TAMS 0x00000000c1400000, 0x00000000c1400000| Untracked 
|  21|0x00000000c1500000, 0x00000000c1500000, 0x00000000c1600000|  0%| F|  |TAMS 0x00000000c1500000, 0x00000000c1500000| Untracked 
|  22|0x00000000c1600000, 0x00000000c1600000, 0x00000000c1700000|  0%| F|  |TAMS 0x00000000c1600000, 0x00000000c1600000| Untracked 
|  23|0x00000000c1700000, 0x00000000c1700000, 0x00000000c1800000|  0%| F|  |TAMS 0x00000000c1700000, 0x00000000c1700000| Untracked 
|  24|0x00000000c1800000, 0x00000000c1800000, 0x00000000c1900000|  0%| F|  |TAMS 0x00000000c1800000, 0x00000000c1800000| Untracked 
|  25|0x00000000c1900000, 0x00000000c1900000, 0x00000000c1a00000|  0%| F|  |TAMS 0x00000000c1900000, 0x00000000c1900000| Untracked 
|  26|0x00000000c1a00000, 0x00000000c1a00000, 0x00000000c1b00000|  0%| F|  |TAMS 0x00000000c1a00000, 0x00000000c1a00000| Untracked 
|  27|0x00000000c1b00000, 0x00000000c1b00000, 0x00000000c1c00000|  0%| F|  |TAMS 0x00000000c1b00000, 0x00000000c1b00000| Untracked 
|  28|0x00000000c1c00000, 0x00000000c1c00000, 0x00000000c1d00000|  0%| F|  |TAMS 0x00000000c1c00000, 0x00000000c1c00000| Untracked 
|  29|0x00000000c1d00000, 0x00000000c1d00000, 0x00000000c1e00000|  0%| F|  |TAMS 0x00000000c1d00000, 0x00000000c1d00000| Untracked 
|  30|0x00000000c1e00000, 0x00000000c1e00000, 0x00000000c1f00000|  0%| F|  |TAMS 0x00000000c1e00000, 0x00000000c1e00000| Untracked 
|  31|0x00000000c1f00000, 0x00000000c1f00000, 0x00000000c2000000|  0%| F|  |TAMS 0x00000000c1f00000, 0x00000000c1f00000| Untracked 
|  32|0x00000000c2000000, 0x00000000c2000000, 0x00000000c2100000|  0%| F|  |TAMS 0x00000000c2000000, 0x00000000c2000000| Untracked 
|  33|0x00000000c2100000, 0x00000000c2100000, 0x00000000c2200000|  0%| F|  |TAMS 0x00000000c2100000, 0x00000000c2100000| Untracked 
|  34|0x00000000c2200000, 0x00000000c2200000, 0x00000000c2300000|  0%| F|  |TAMS 0x00000000c2200000, 0x00000000c2200000| Untracked 
|  35|0x00000000c2300000, 0x00000000c2300000, 0x00000000c2400000|  0%| F|  |TAMS 0x00000000c2300000, 0x00000000c2300000| Untracked 
|  36|0x00000000c2400000, 0x00000000c2400000, 0x00000000c2500000|  0%| F|  |TAMS 0x00000000c2400000, 0x00000000c2400000| Untracked 
|  37|0x00000000c2500000, 0x00000000c2500000, 0x00000000c2600000|  0%| F|  |TAMS 0x00000000c2500000, 0x00000000c2500000| Untracked 
|  38|0x00000000c2600000, 0x00000000c2600000, 0x00000000c2700000|  0%| F|  |TAMS 0x00000000c2600000, 0x00000000c2600000| Untracked 
|  39|0x00000000c2700000, 0x00000000c2700000, 0x00000000c2800000|  0%| F|  |TAMS 0x00000000c2700000, 0x00000000c2700000| Untracked 
|  40|0x00000000c2800000, 0x00000000c2800000, 0x00000000c2900000|  0%| F|  |TAMS 0x00000000c2800000, 0x00000000c2800000| Untracked 
|  41|0x00000000c2900000, 0x00000000c2900000, 0x00000000c2a00000|  0%| F|  |TAMS 0x00000000c2900000, 0x00000000c2900000| Untracked 
|  42|0x00000000c2a00000, 0x00000000c2a00000, 0x00000000c2b00000|  0%| F|  |TAMS 0x00000000c2a00000, 0x00000000c2a00000| Untracked 
|  43|0x00000000c2b00000, 0x00000000c2b00000, 0x00000000c2c00000|  0%| F|  |TAMS 0x00000000c2b00000, 0x00000000c2b00000| Untracked 
|  44|0x00000000c2c00000, 0x00000000c2c00000, 0x00000000c2d00000|  0%| F|  |TAMS 0x00000000c2c00000, 0x00000000c2c00000| Untracked 
|  45|0x00000000c2d00000, 0x00000000c2d00000, 0x00000000c2e00000|  0%| F|  |TAMS 0x00000000c2d00000, 0x00000000c2d00000| Untracked 
|  46|0x00000000c2e00000, 0x00000000c2e00000, 0x00000000c2f00000|  0%| F|  |TAMS 0x00000000c2e00000, 0x00000000c2e00000| Untracked 
|  47|0x00000000c2f00000, 0x00000000c2f00000, 0x00000000c3000000|  0%| F|  |TAMS 0x00000000c2f00000, 0x00000000c2f00000| Untracked 
|  48|0x00000000c3000000, 0x00000000c3000000, 0x00000000c3100000|  0%| F|  |TAMS 0x00000000c3000000, 0x00000000c3000000| Untracked 
|  49|0x00000000c3100000, 0x00000000c3100000, 0x00000000c3200000|  0%| F|  |TAMS 0x00000000c3100000, 0x00000000c3100000| Untracked 
|  50|0x00000000c3200000, 0x00000000c3200000, 0x00000000c3300000|  0%| F|  |TAMS 0x00000000c3200000, 0x00000000c3200000| Untracked 
|  51|0x00000000c3300000, 0x00000000c3300000, 0x00000000c3400000|  0%| F|  |TAMS 0x00000000c3300000, 0x00000000c3300000| Untracked 
|  52|0x00000000c3400000, 0x00000000c3400000, 0x00000000c3500000|  0%| F|  |TAMS 0x00000000c3400000, 0x00000000c3400000| Untracked 
|  53|0x00000000c3500000, 0x00000000c3500000, 0x00000000c3600000|  0%| F|  |TAMS 0x00000000c3500000, 0x00000000c3500000| Untracked 
|  54|0x00000000c3600000, 0x00000000c3700000, 0x00000000c3700000|100%| S|CS|TAMS 0x00000000c3600000, 0x00000000c3600000| Complete 
|  55|0x00000000c3700000, 0x00000000c3700000, 0x00000000c3800000|  0%| F|  |TAMS 0x00000000c3700000, 0x00000000c3700000| Untracked 
|  56|0x00000000c3800000, 0x00000000c3800000, 0x00000000c3900000|  0%| F|  |TAMS 0x00000000c3800000, 0x00000000c3800000| Untracked 
|  57|0x00000000c3900000, 0x00000000c3900000, 0x00000000c3a00000|  0%| F|  |TAMS 0x00000000c3900000, 0x00000000c3900000| Untracked 
|  58|0x00000000c3a00000, 0x00000000c3a00000, 0x00000000c3b00000|  0%| F|  |TAMS 0x00000000c3a00000, 0x00000000c3a00000| Untracked 
|  59|0x00000000c3b00000, 0x00000000c3b3cbd0, 0x00000000c3c00000| 23%| E|  |TAMS 0x00000000c3b00000, 0x00000000c3b00000| Complete 
|  60|0x00000000c3c00000, 0x00000000c3d00000, 0x00000000c3d00000|100%| E|CS|TAMS 0x00000000c3c00000, 0x00000000c3c00000| Complete 
|  61|0x00000000c3d00000, 0x00000000c3e00000, 0x00000000c3e00000|100%| E|CS|TAMS 0x00000000c3d00000, 0x00000000c3d00000| Complete 

Card table byte_map: [0x000001ffa6cf0000,0x000001ffa6ef0000] _byte_map_base: 0x000001ffa66f0000

Marking Bits (Prev, Next): (CMBitMap*) 0x000001ffa7105b70, (CMBitMap*) 0x000001ffa7105bb0
 Prev Bits: [0x000001ffacf50000, 0x000001ffadf50000)
 Next Bits: [0x000001ffadf50000, 0x000001ffaef50000)

Polling page: 0x000001ffa4f60000

Metaspace:

Usage:
  Non-class:      6.14 MB used.
      Class:    734.62 KB used.
       Both:      6.86 MB used.

Virtual space:
  Non-class space:       64.00 MB reserved,       6.19 MB ( 10%) committed,  1 nodes.
      Class space:        1.00 GB reserved,     832.00 KB ( <1%) committed,  1 nodes.
             Both:        1.06 GB reserved,       7.00 MB ( <1%) committed. 

Chunk freelists:
   Non-Class:  8.88 MB
       Class:  15.14 MB
        Both:  24.02 MB

MaxMetaspaceSize: unlimited
CompressedClassSpaceSize: 1.00 GB
Initial GC threshold: 21.00 MB
Current GC threshold: 21.00 MB
CDS: off
MetaspaceReclaimPolicy: balanced
 - commit_granule_bytes: 65536.
 - commit_granule_words: 8192.
 - virtual_space_node_default_size: 8388608.
 - enlarge_chunks_in_place: 1.
 - new_chunks_are_fully_committed: 0.
 - uncommit_free_chunks: 1.
 - use_allocation_guard: 0.
 - handle_deallocations: 1.


Internal statistics:

num_allocs_failed_limit: 0.
num_arena_births: 82.
num_arena_deaths: 0.
num_vsnodes_births: 2.
num_vsnodes_deaths: 0.
num_space_committed: 112.
num_space_uncommitted: 0.
num_chunks_returned_to_freelist: 0.
num_chunks_taken_from_freelist: 134.
num_chunk_merges: 0.
num_chunk_splits: 84.
num_chunks_enlarged: 58.
num_inconsistent_stats: 0.

CodeCache: size=49152Kb used=2033Kb max_used=2033Kb free=47118Kb
 bounds [0x000001ffa9d50000, 0x000001ffa9fc0000, 0x000001ffacd50000]
 total_blobs=1039 nmethods=663 adapters=305
 compilation: enabled
              stopped_count=0, restarted_count=0
 full_count=0

Compilation events (20 events):
Event: 6.547 Thread 0x000001ffb1232b50 nmethod 649 0x000001ffa9f47110 code [0x000001ffa9f47360, 0x000001ffa9f47a88]
Event: 6.551 Thread 0x000001ffb1232b50  650       1       java.util.jar.Attributes::getValue (9 bytes)
Event: 6.551 Thread 0x000001ffb1232b50 nmethod 650 0x000001ffa9f47e10 code [0x000001ffa9f47fa0, 0x000001ffa9f480c8]
Event: 6.551 Thread 0x000001ffb1232b50  651       1       java.util.jar.Attributes::get (11 bytes)
Event: 6.551 Thread 0x000001ffb1232b50 nmethod 651 0x000001ffa9f48190 code [0x000001ffa9f48320, 0x000001ffa9f48408]
Event: 6.553 Thread 0x000001ffb1232b50  652       1       java.lang.String::concat (15 bytes)
Event: 6.554 Thread 0x000001ffb1232b50 nmethod 652 0x000001ffa9f48490 code [0x000001ffa9f486c0, 0x000001ffa9f48dc8]
Event: 6.555 Thread 0x000001ffb1232b50  653       1       java.lang.NamedPackage::module (5 bytes)
Event: 6.555 Thread 0x000001ffb1232b50 nmethod 653 0x000001ffa9f49110 code [0x000001ffa9f492a0, 0x000001ffa9f49378]
Event: 6.556 Thread 0x000001ffb1232b50  654   !   1       jdk.internal.loader.BuiltinClassLoader::loadClassOrNull (143 bytes)
Event: 6.557 Thread 0x000001ffb1232b50 nmethod 654 0x000001ffa9f49410 code [0x000001ffa9f49680, 0x000001ffa9f49df8]
Event: 6.558 Thread 0x000001ffb1232b50  655       1       java.lang.ClassLoader::getClassLoadingLock (35 bytes)
Event: 6.558 Thread 0x000001ffb1232b50 nmethod 655 0x000001ffa9f4a590 code [0x000001ffa9f4a720, 0x000001ffa9f4a888]
Event: 6.558 Thread 0x000001ffb1232b50  656       1       java.lang.ClassLoader::findLoadedClass (15 bytes)
Event: 6.558 Thread 0x000001ffb1232b50 nmethod 656 0x000001ffa9f4a990 code [0x000001ffa9f4ab40, 0x000001ffa9f4ac98]
Event: 6.558 Thread 0x000001ffb1232b50  658       1       jdk.internal.loader.BuiltinClassLoader::findLoadedModule (33 bytes)
Event: 6.558 Thread 0x000001ffb1232b50 nmethod 658 0x000001ffa9f4b210 code [0x000001ffa9f4b3e0, 0x000001ffa9f4b5f8]
Event: 6.558 Thread 0x000001ffb1232b50  659       1       jdk.internal.loader.BuiltinClassLoader::loadClassOrNull (7 bytes)
Event: 6.559 Thread 0x000001ffb1232b50 nmethod 659 0x000001ffa9f4b790 code [0x000001ffa9f4b920, 0x000001ffa9f4ba08]
Event: 6.561 Thread 0x000001ffb1232b50  660       1       java.net.URLStreamHandler::parseURL (1201 bytes)

GC Heap History (6 events):
Event: 4.211 GC heap before
{Heap before GC invocations=0 (full 0):
 garbage-first heap   total 63488K, used 9216K [0x00000000c0000000, 0x0000000100000000)
  region size 1024K, 6 young (6144K), 0 survivors (0K)
 Metaspace       used 4303K, committed 4480K, reserved 1114112K
  class space    used 417K, committed 512K, reserved 1048576K
}
Event: 4.373 GC heap after
{Heap after GC invocations=1 (full 0):
 garbage-first heap   total 63488K, used 7971K [0x00000000c0000000, 0x0000000100000000)
  region size 1024K, 1 young (1024K), 1 survivors (1024K)
 Metaspace       used 4303K, committed 4480K, reserved 1114112K
  class space    used 417K, committed 512K, reserved 1048576K
}
Event: 5.115 GC heap before
{Heap before GC invocations=1 (full 0):
 garbage-first heap   total 63488K, used 10019K [0x00000000c0000000, 0x0000000100000000)
  region size 1024K, 4 young (4096K), 1 survivors (1024K)
 Metaspace       used 4303K, committed 4480K, reserved 1114112K
  class space    used 417K, committed 512K, reserved 1048576K
}
Event: 5.123 GC heap after
{Heap after GC invocations=2 (full 0):
 garbage-first heap   total 63488K, used 9657K [0x00000000c0000000, 0x0000000100000000)
  region size 1024K, 1 young (1024K), 1 survivors (1024K)
 Metaspace       used 4303K, committed 4480K, reserved 1114112K
  class space    used 417K, committed 512K, reserved 1048576K
}
Event: 6.411 GC heap before
{Heap before GC invocations=2 (full 0):
 garbage-first heap   total 63488K, used 16825K [0x00000000c0000000, 0x0000000100000000)
  region size 1024K, 7 young (7168K), 1 survivors (1024K)
 Metaspace       used 6540K, committed 6656K, reserved 1114112K
  class space    used 648K, committed 704K, reserved 1048576K
}
Event: 6.417 GC heap after
{Heap after GC invocations=3 (full 0):
 garbage-first heap   total 63488K, used 15130K [0x00000000c0000000, 0x0000000100000000)
  region size 1024K, 1 young (1024K), 1 survivors (1024K)
 Metaspace       used 6540K, committed 6656K, reserved 1114112K
  class space    used 648K, committed 704K, reserved 1048576K
}

Dll operation events (5 events):
Event: 0.079 Loaded shared library c:\Users\ASUS\.vscode\extensions\redhat.java-1.27.0-win32-x64\jre\17.0.10-win32-x86_64\bin\java.dll
Event: 1.924 Loaded shared library C:\Users\ASUS\.vscode\extensions\redhat.java-1.27.0-win32-x64\jre\17.0.10-win32-x86_64\bin\net.dll
Event: 1.930 Loaded shared library C:\Users\ASUS\.vscode\extensions\redhat.java-1.27.0-win32-x64\jre\17.0.10-win32-x86_64\bin\nio.dll
Event: 1.951 Loaded shared library C:\Users\ASUS\.vscode\extensions\redhat.java-1.27.0-win32-x64\jre\17.0.10-win32-x86_64\bin\zip.dll
Event: 6.067 Loaded shared library C:\Users\ASUS\.vscode\extensions\redhat.java-1.27.0-win32-x64\jre\17.0.10-win32-x86_64\bin\jimage.dll

Deoptimization events (0 events):
No events

Classes unloaded (0 events):
No events

Classes redefined (0 events):
No events

Internal exceptions (4 events):
Event: 6.386 Thread 0x000001ffa70c7f80 Exception <a 'java/lang/ClassNotFoundException'{0x00000000c37d33f8}: javax/smartcardio/CardPermission> (0x00000000c37d33f8) 
thrown [s\src\hotspot\share\classfile\systemDictionary.cpp, line 256]
Event: 6.399 Thread 0x000001ffa70c7f80 Exception <a 'java/io/FileNotFoundException'{0x00000000c37e1a68}> (0x00000000c37e1a68) 
thrown [s\src\hotspot\share\prims\jni.cpp, line 516]
Event: 6.510 Thread 0x000001ffa70c7f80 Exception <a 'java/lang/NoSuchMethodError'{0x00000000c3d7f160}: 'java.lang.Object java.lang.invoke.DirectMethodHandle$Holder.invokeSpecial(java.lang.Object, java.lang.Object, java.lang.Object, long, java.lang.Object)'> (0x00000000c3d7f160) 
thrown [s\src\hotspot\share\interpreter\linkResolver.cpp, line 759]
Event: 6.512 Thread 0x000001ffa70c7f80 Exception <a 'java/lang/NoSuchMethodError'{0x00000000c3d82e00}: 'java.lang.Object java.lang.invoke.Invokers$Holder.linkToTargetMethod(java.lang.Object, long, java.lang.Object, java.lang.Object)'> (0x00000000c3d82e00) 
thrown [s\src\hotspot\share\interpreter\linkResolver.cpp, line 759]

VM Operations (20 events):
Event: 1.373 Executing VM operation: Cleanup
Event: 1.373 Executing VM operation: Cleanup done
Event: 1.956 Executing VM operation: HandshakeAllThreads
Event: 1.956 Executing VM operation: HandshakeAllThreads done
Event: 2.974 Executing VM operation: Cleanup
Event: 2.974 Executing VM operation: Cleanup done
Event: 4.210 Executing VM operation: G1CollectForAllocation
Event: 4.373 Executing VM operation: G1CollectForAllocation done
Event: 5.115 Executing VM operation: G1CollectForAllocation
Event: 5.123 Executing VM operation: G1CollectForAllocation done
Event: 6.049 Executing VM operation: HandshakeAllThreads
Event: 6.049 Executing VM operation: HandshakeAllThreads done
Event: 6.232 Executing VM operation: HandshakeAllThreads
Event: 6.232 Executing VM operation: HandshakeAllThreads done
Event: 6.232 Executing VM operation: Cleanup
Event: 6.232 Executing VM operation: Cleanup done
Event: 6.301 Executing VM operation: HandshakeAllThreads
Event: 6.301 Executing VM operation: HandshakeAllThreads done
Event: 6.411 Executing VM operation: G1CollectForAllocation
Event: 6.417 Executing VM operation: G1CollectForAllocation done

Events (20 events):
Event: 6.469 loading class java/lang/invoke/MethodHandles$1
Event: 6.470 loading class java/lang/invoke/MethodHandles$1 done
Event: 6.470 loading class java/lang/invoke/BoundMethodHandle$Species_LJ
Event: 6.470 loading class java/lang/invoke/BoundMethodHandle$Species_LJ done
Event: 6.472 loading class java/lang/invoke/BoundMethodHandle$Species_LLLLLLLL
Event: 6.472 loading class java/lang/invoke/BoundMethodHandle$Species_LLLLLLLL done
Event: 6.480 loading class java/lang/invoke/BoundMethodHandle$Species_LLLLLLLLL
Event: 6.480 loading class java/lang/invoke/BoundMethodHandle$Species_LLLLLLLLL done
Event: 6.502 loading class java/lang/invoke/LambdaFormEditor$1
Event: 6.502 loading class java/lang/invoke/LambdaFormEditor$1 done
Event: 6.503 loading class java/util/TreeMap$EntrySet
Event: 6.503 loading class java/util/TreeMap$EntrySet done
Event: 6.503 loading class java/util/TreeMap$EntryIterator
Event: 6.503 loading class java/util/TreeMap$EntryIterator done
Event: 6.510 loading class java/lang/NoSuchMethodError
Event: 6.510 loading class java/lang/IncompatibleClassChangeError
Event: 6.510 loading class java/lang/IncompatibleClassChangeError done
Event: 6.510 loading class java/lang/NoSuchMethodError done
Event: 6.515 loading class java/net/MalformedURLException
Event: 6.515 loading class java/net/MalformedURLException done


Dynamic libraries:
0x00007ff63b080000 - 0x00007ff63b08e000 	c:\Users\ASUS\.vscode\extensions\redhat.java-1.27.0-win32-x64\jre\17.0.10-win32-x86_64\bin\java.exe
0x00007ffe4a6d0000 - 0x00007ffe4a8e7000 	C:\WINDOWS\SYSTEM32\ntdll.dll
0x00007ffe49600000 - 0x00007ffe496c4000 	C:\WINDOWS\System32\KERNEL32.DLL
0x00007ffe47b80000 - 0x00007ffe47f26000 	C:\WINDOWS\System32\KERNELBASE.dll
0x00007ffe48070000 - 0x00007ffe48181000 	C:\WINDOWS\System32\ucrtbase.dll
0x00007ffe39760000 - 0x00007ffe39777000 	c:\Users\ASUS\.vscode\extensions\redhat.java-1.27.0-win32-x64\jre\17.0.10-win32-x86_64\bin\jli.dll
0x00007ffe484c0000 - 0x00007ffe4866e000 	C:\WINDOWS\System32\USER32.dll
0x00007ffe48040000 - 0x00007ffe48066000 	C:\WINDOWS\System32\win32u.dll
0x00007ffe494d0000 - 0x00007ffe494f9000 	C:\WINDOWS\System32\GDI32.dll
0x00007ffe48280000 - 0x00007ffe48398000 	C:\WINDOWS\System32\gdi32full.dll
0x00007ffe47fa0000 - 0x00007ffe4803a000 	C:\WINDOWS\System32\msvcp_win.dll
0x00007ffe340b0000 - 0x00007ffe340cb000 	c:\Users\ASUS\.vscode\extensions\redhat.java-1.27.0-win32-x64\jre\17.0.10-win32-x86_64\bin\VCRUNTIME140.dll
0x00007ffe33750000 - 0x00007ffe339e3000 	C:\WINDOWS\WinSxS\amd64_microsoft.windows.common-controls_6595b64144ccf1df_6.0.22621.2506_none_270c5ae97388e100\COMCTL32.dll
0x00007ffe49c80000 - 0x00007ffe49d27000 	C:\WINDOWS\System32\msvcrt.dll
0x00007ffe496d0000 - 0x00007ffe49701000 	C:\WINDOWS\System32\IMM32.DLL
0x00007ffe3f500000 - 0x00007ffe3f50c000 	c:\Users\ASUS\.vscode\extensions\redhat.java-1.27.0-win32-x64\jre\17.0.10-win32-x86_64\bin\vcruntime140_1.dll
0x00007ffe0fd80000 - 0x00007ffe0fe0d000 	c:\Users\ASUS\.vscode\extensions\redhat.java-1.27.0-win32-x64\jre\17.0.10-win32-x86_64\bin\msvcp140.dll
0x00007ffdbf8d0000 - 0x00007ffdc0532000 	c:\Users\ASUS\.vscode\extensions\redhat.java-1.27.0-win32-x64\jre\17.0.10-win32-x86_64\bin\server\jvm.dll
0x00007ffe49e50000 - 0x00007ffe49f03000 	C:\WINDOWS\System32\ADVAPI32.dll
0x00007ffe4a5e0000 - 0x00007ffe4a688000 	C:\WINDOWS\System32\sechost.dll
0x00007ffe48250000 - 0x00007ffe48278000 	C:\WINDOWS\System32\bcrypt.dll
0x00007ffe49d30000 - 0x00007ffe49e47000 	C:\WINDOWS\System32\RPCRT4.dll
0x00007ffe478e0000 - 0x00007ffe4792d000 	C:\WINDOWS\SYSTEM32\POWRPROF.dll
0x00007ffe28250000 - 0x00007ffe28259000 	C:\WINDOWS\SYSTEM32\WSOCK32.dll
0x00007ffe49710000 - 0x00007ffe49781000 	C:\WINDOWS\System32\WS2_32.dll
0x00007ffe39460000 - 0x00007ffe39494000 	C:\WINDOWS\SYSTEM32\WINMM.dll
0x00007ffe3a2b0000 - 0x00007ffe3a2ba000 	C:\WINDOWS\SYSTEM32\VERSION.dll
0x00007ffe47710000 - 0x00007ffe47723000 	C:\WINDOWS\SYSTEM32\UMPDC.dll
0x00007ffe46a50000 - 0x00007ffe46a68000 	C:\WINDOWS\SYSTEM32\kernel.appcore.dll
0x00007ffe34080000 - 0x00007ffe3408a000 	c:\Users\ASUS\.vscode\extensions\redhat.java-1.27.0-win32-x64\jre\17.0.10-win32-x86_64\bin\jimage.dll
0x00007ffe453b0000 - 0x00007ffe455e3000 	C:\WINDOWS\SYSTEM32\DBGHELP.DLL
0x00007ffe49fd0000 - 0x00007ffe4a359000 	C:\WINDOWS\System32\combase.dll
0x00007ffe4a500000 - 0x00007ffe4a5d7000 	C:\WINDOWS\System32\OLEAUT32.dll
0x00007ffe2e0d0000 - 0x00007ffe2e102000 	C:\WINDOWS\SYSTEM32\dbgcore.DLL
0x00007ffe483a0000 - 0x00007ffe4841a000 	C:\WINDOWS\System32\bcryptPrimitives.dll
0x00007ffe19290000 - 0x00007ffe192b5000 	c:\Users\ASUS\.vscode\extensions\redhat.java-1.27.0-win32-x64\jre\17.0.10-win32-x86_64\bin\java.dll
0x00007ffe32dc0000 - 0x00007ffe32dd8000 	c:\Users\ASUS\.vscode\extensions\redhat.java-1.27.0-win32-x64\jre\17.0.10-win32-x86_64\bin\zip.dll
0x00007ffe48af0000 - 0x00007ffe4934b000 	C:\WINDOWS\System32\SHELL32.dll
0x00007ffe45970000 - 0x00007ffe46266000 	C:\WINDOWS\SYSTEM32\windows.storage.dll
0x00007ffe45830000 - 0x00007ffe4596e000 	C:\WINDOWS\SYSTEM32\wintypes.dll
0x00007ffe49500000 - 0x00007ffe495f3000 	C:\WINDOWS\System32\SHCORE.dll
0x00007ffe49f70000 - 0x00007ffe49fce000 	C:\WINDOWS\System32\shlwapi.dll
0x00007ffe47940000 - 0x00007ffe47966000 	C:\WINDOWS\SYSTEM32\profapi.dll
0x00007ffe32d50000 - 0x00007ffe32d69000 	C:\Users\ASUS\.vscode\extensions\redhat.java-1.27.0-win32-x64\jre\17.0.10-win32-x86_64\bin\net.dll
0x00007ffe3a110000 - 0x00007ffe3a247000 	C:\WINDOWS\SYSTEM32\WINHTTP.dll
0x00007ffe46ed0000 - 0x00007ffe46f39000 	C:\WINDOWS\system32\mswsock.dll
0x00007ffe32b70000 - 0x00007ffe32b86000 	C:\Users\ASUS\.vscode\extensions\redhat.java-1.27.0-win32-x64\jre\17.0.10-win32-x86_64\bin\nio.dll

dbghelp: loaded successfully - version: 4.0.5 - missing functions: none
symbol engine: initialized successfully - sym options: 0x614 - pdb path: .;c:\Users\ASUS\.vscode\extensions\redhat.java-1.27.0-win32-x64\jre\17.0.10-win32-x86_64\bin;C:\WINDOWS\SYSTEM32;C:\WINDOWS\WinSxS\amd64_microsoft.windows.common-controls_6595b64144ccf1df_6.0.22621.2506_none_270c5ae97388e100;c:\Users\ASUS\.vscode\extensions\redhat.java-1.27.0-win32-x64\jre\17.0.10-win32-x86_64\bin\server

VM Arguments:
jvm_args: -XX:+HeapDumpOnOutOfMemoryError -Xmx1024m -Dsts.lsp.client=vscode -Dsts.log.file=/dev/null -XX:TieredStopAtLevel=1 -Xlog:jni+resolve=off -Dspring.config.location=file:c:\Users\ASUS\.vscode\extensions\vmware.vscode-spring-boot-1.52.0\language-server\BOOT-INF\classes\application.properties 
java_command: org.springframework.ide.vscode.boot.app.BootLanguageServerBootApp
java_class_path (initial): c:\Users\ASUS\.vscode\extensions\vmware.vscode-spring-boot-1.52.0\language-server\BOOT-INF\classes;c:\Users\ASUS\.vscode\extensions\vmware.vscode-spring-boot-1.52.0\language-server\BOOT-INF\lib\annotations-24.1.0.jar;c:\Users\ASUS\.vscode\extensions\vmware.vscode-spring-boot-1.52.0\language-server\BOOT-INF\lib\antlr4-runtime-4.11.1.jar;c:\Users\ASUS\.vscode\extensions\vmware.vscode-spring-boot-1.52.0\language-server\BOOT-INF\lib\asm-9.6.jar;c:\Users\ASUS\.vscode\extensions\vmware.vscode-spring-boot-1.52.0\language-server\BOOT-INF\lib\asm-analysis-9.6.jar;c:\Users\ASUS\.vscode\extensions\vmware.vscode-spring-boot-1.52.0\language-server\BOOT-INF\lib\asm-tree-9.6.jar;c:\Users\ASUS\.vscode\extensions\vmware.vscode-spring-boot-1.52.0\language-server\BOOT-INF\lib\asm-util-9.6.jar;c:\Users\ASUS\.vscode\extensions\vmware.vscode-spring-boot-1.52.0\language-server\BOOT-INF\lib\caffeine-3.1.8.jar;c:\Users\ASUS\.vscode\extensions\vmware.vscode-spring-boot-1.52.0\language-server\BOOT-INF\lib\checker-qual-3.12.0.jar;c:\Users\ASUS\.vscode\extensions\vmware.vscode-spring-boot-1.52.0\language-server\BOOT-INF\lib\classgraph-4.8.149.jar;c:\Users\ASUS\.vscode\extensions\vmware.vscode-spring-boot-1.52.0\language-server\BOOT-INF\lib\commons-codec-1.16.0.jar;c:\Users\ASUS\.vscode\extensions\vmware.vscode-spring-boot-1.52.0\language-server\BOOT-INF\lib\commons-compress-1.25.0.jar;c:\Users\ASUS\.vscode\extensions\vmware.vscode-spring-boot-1.52.0\language-server\BOOT-INF\lib\commons-io-2.4.jar;c:\Users\ASUS\.vscode\extensions\vmware.vscode-spring-boot-1.52.0\language-server\BOOT-INF\lib\commons-java-1.52.0-SNAPSHOT.jar;c:\Users\ASUS\.vscode\extensions\vmware.vscode-spring-boot-1.52.0\language-server\BOOT-INF\lib\commons-lang3-3.13.0.jar;c:\Users\ASUS\.vscode\extensions\vmware.vscode-spring-boot-1.52.0\language-server\BOOT-INF\lib\commons-language-server-1.52.0-SNAPSHOT.jar;c:\Users\ASUS\.vscode\extensions\vmware.vscode-spring-boot-1.52.0\language-server\BOOT-INF\
Launcher Type: SUN_STANDARD

[Global flags]
     intx CICompilerCount                          = 2                                         {product} {ergonomic}
     uint ConcGCThreads                            = 1                                         {product} {ergonomic}
     uint G1ConcRefinementThreads                  = 2                                         {product} {ergonomic}
   size_t G1HeapRegionSize                         = 1048576                                   {product} {ergonomic}
    uintx GCDrainStackTargetSize                   = 64                                        {product} {ergonomic}
     bool HeapDumpOnOutOfMemoryError               = true                                   {manageable} {command line}
   size_t InitialHeapSize                          = 65011712                                  {product} {ergonomic}
   size_t MarkStackSize                            = 4194304                                   {product} {ergonomic}
   size_t MaxHeapSize                              = 1073741824                                {product} {command line}
   size_t MaxNewSize                               = 643825664                                 {product} {ergonomic}
   size_t MinHeapDeltaBytes                        = 1048576                                   {product} {ergonomic}
   size_t MinHeapSize                              = 8388608                                   {product} {ergonomic}
    uintx NonProfiledCodeHeapSize                  = 0                                      {pd product} {ergonomic}
     bool ProfileInterpreter                       = false                                  {pd product} {command line}
    uintx ProfiledCodeHeapSize                     = 0                                      {pd product} {ergonomic}
   size_t SoftMaxHeapSize                          = 1073741824                             {manageable} {ergonomic}
     intx TieredStopAtLevel                        = 1                                         {product} {command line}
     bool UseCompressedClassPointers               = true                           {product lp64_product} {ergonomic}
     bool UseCompressedOops                        = true                           {product lp64_product} {ergonomic}
     bool UseG1GC                                  = true                                      {product} {ergonomic}
     bool UseLargePagesIndividualAllocation        = false                                  {pd product} {ergonomic}

Logging:
Log output configuration:
 #0: stdout all=warning,jni+resolve=off uptime,level,tags
 #1: stderr all=off uptime,level,tags

Environment Variables:
JAVA_HOME=C:\Program Files\Java\jdk-17
PATH=C:\Program Files\Java\jdk-17\bin;C:\Program Files\MariaDB 11.4\bin;C:\Users\ASUS\AppData\Local\Programs\Python\Python311;C:\Users\ASUS\AppData\Local\Programs\Python\Python311\Scripts;C:\oraclexe\app\oracle\product\11.2.0\server\bin;C:\Program Files\Common Files\Oracle\Java\javapath;C:\WINDOWS\system32;C:\WINDOWS;C:\WINDOWS\System32\Wbem;C:\WINDOWS\System32\WindowsPowerShell\v1.0\;C:\WINDOWS\System32\OpenSSH\;C:\Program Files\Intel\WiFi\bin\;C:\Program Files\Common Files\Intel\WirelessCommon\;C:\Program Files\Git\cmd;C:\MinGW\bin;C:\Users\ASUS\AppData\Roaming\Microsoft\Windows\Start Menu\Programs\Python 3.10;D:\Polban\SEMESTER 2\PROYEK1 PPLD SEM2\webScrap2;C:\Program Files\PuTTY\;C:\ghcup\bin;C:\Program Files\swipl\bin;C:\Program Files\Microsoft SQL Server\130\Tools\Binn\;C:\instantclient_11_2;C:\Ruby31-x64\bin;C:\neo4j\bin;C:\Program Files\Git LFS;C:\Program Files\Go\bin;C:\Program Files\nodejs\;C:\Program Files\Maven\apache-maven-3.9.4\bin;C:\Program Files\Java\jdk-17\bin;C:\Program Files\Java\jdk1-17;C:\Users\ASUS\AppData\Local\ActiveState\StateTool\release\bin;C:\Ruby31-x64\bin;C:\Users\ASUS\AppData\Local\activestate\cache\bin;C:\Users\ASUS\AppData\Local\Programs\Python\Python311;C:\Users\ASUS\AppData\Local\Programs\Python\Python39\Scripts\;C:\Users\ASUS\AppData\Local\Programs\Python\Python39\;C:\Users\ASUS\AppData\Local\Programs\Python\Python310\Scripts\;C:\Users\ASUS\AppData\Local\Programs\Python\Python310\;C:\Users\ASUS\AppData\Local\Microsoft\WindowsApps;C:\Users\ASUS\AppData\Local\Programs\Microsoft VS Code\bin;C:\MinGW\bin;C:\Program Files\JetBrains\IntelliJ IDEA 2022.1\bin;;C:\Users\ASUS\AppData\Roaming\cabal\bin;C:\tools\ghc-9.4.2\bin;c:\ghcup\bin;C:\Users\ASUS\go\bin;C:\Users\ASUS\AppData\Roaming\npm;C:\Users\ASUS\AppData\Local\GitHubDesktop\bin;
USERNAME=ASUS
OS=Windows_NT
PROCESSOR_IDENTIFIER=Intel64 Family 6 Model 122 Stepping 1, GenuineIntel
TMP=C:\Users\ASUS\AppData\Local\Temp
TEMP=C:\Users\ASUS\AppData\Local\Temp



Periodic native trim disabled


---------------  S Y S T E M  ---------------

OS:
 Windows 11 , 64 bit Build 22621 (10.0.22621.3085)
OS uptime: 1 days 9:09 hours

CPU: total 2 (initial active 2) (2 cores per cpu, 1 threads per core) family 6 model 122 stepping 1 microcode 0x34, cx8, cmov, fxsr, mmx, 3dnowpref, sse, sse2, sse3, ssse3, sse4.1, sse4.2, popcnt, tsc, tscinvbit, aes, erms, clmul, sha, clflush, clflushopt
Processor Information for all 2 processors :
  Max Mhz: 1101, Current Mhz: 1101, Mhz Limit: 1101

Memory: 4k page, system-wide physical 3918M (728M free)
TotalPageFile size 14158M (AvailPageFile size 4M)
current process WorkingSet (physical memory assigned to process): 56M, peak: 56M
current process commit charge ("private bytes"): 128M, peak: 128M

vm_info: OpenJDK 64-Bit Server VM (17.0.10+7) for windows-amd64 JRE (17.0.10+7), built on Jan 16 2024 23:25:11 by "admin" with MS VC++ 16.10 / 16.11 (VS2019)

END.
